{"C:\\Users\\tdphu\\OneDrive\\Desktop\\BeaconFire\\Assignments\\Assignment 13\\Solutions\\Coding Q1\\models\\Artist.js": {"path":"C:\\Users\\tdphu\\OneDrive\\Desktop\\BeaconFire\\Assignments\\Assignment 13\\Solutions\\Coding Q1\\models\\Artist.js","statementMap":{"0":{"start":{"line":3,"column":21},"end":{"line":19,"column":2}}},"fnMap":{},"branchMap":{},"s":{"0":2},"f":{},"b":{},"_coverageSchema":"1a1c01bbd47fc00a2c39e90264f33305004495a9","hash":"344de16e91d2d608c11a7377264fb0b861997c34"}
,"C:\\Users\\tdphu\\OneDrive\\Desktop\\BeaconFire\\Assignments\\Assignment 13\\Solutions\\Coding Q1\\models\\Song.js": {"path":"C:\\Users\\tdphu\\OneDrive\\Desktop\\BeaconFire\\Assignments\\Assignment 13\\Solutions\\Coding Q1\\models\\Song.js","statementMap":{"0":{"start":{"line":3,"column":19},"end":{"line":20,"column":2}}},"fnMap":{},"branchMap":{},"s":{"0":2},"f":{},"b":{},"_coverageSchema":"1a1c01bbd47fc00a2c39e90264f33305004495a9","hash":"005836f2de4adf6c01e7b2cb885a3e083de4132a"}
,"C:\\Users\\tdphu\\OneDrive\\Desktop\\BeaconFire\\Assignments\\Assignment 13\\Solutions\\Coding Q1\\models\\User.js": {"path":"C:\\Users\\tdphu\\OneDrive\\Desktop\\BeaconFire\\Assignments\\Assignment 13\\Solutions\\Coding Q1\\models\\User.js","statementMap":{"0":{"start":{"line":3,"column":19},"end":{"line":25,"column":2}}},"fnMap":{},"branchMap":{},"s":{"0":2},"f":{},"b":{},"_coverageSchema":"1a1c01bbd47fc00a2c39e90264f33305004495a9","hash":"50950377b51e2826b7ea55064cf5c79ef38336bf"}
,"C:\\Users\\tdphu\\OneDrive\\Desktop\\BeaconFire\\Assignments\\Assignment 13\\Solutions\\Coding Q1\\routes\\artists.js": {"path":"C:\\Users\\tdphu\\OneDrive\\Desktop\\BeaconFire\\Assignments\\Assignment 13\\Solutions\\Coding Q1\\routes\\artists.js","statementMap":{"0":{"start":{"line":6,"column":15},"end":{"line":6,"column":31}},"1":{"start":{"line":9,"column":0},"end":{"line":17,"column":3}},"2":{"start":{"line":10,"column":20},"end":{"line":10,"column":40}},"3":{"start":{"line":11,"column":2},"end":{"line":16,"column":3}},"4":{"start":{"line":12,"column":24},"end":{"line":12,"column":46}},"5":{"start":{"line":13,"column":4},"end":{"line":13,"column":38}},"6":{"start":{"line":15,"column":4},"end":{"line":15,"column":30}},"7":{"start":{"line":20,"column":0},"end":{"line":41,"column":3}},"8":{"start":{"line":21,"column":20},"end":{"line":21,"column":42}},"9":{"start":{"line":22,"column":15},"end":{"line":22,"column":53}},"10":{"start":{"line":24,"column":20},"end":{"line":24,"column":22}},"11":{"start":{"line":25,"column":2},"end":{"line":25,"column":78}},"12":{"start":{"line":25,"column":13},"end":{"line":25,"column":78}},"13":{"start":{"line":26,"column":15},"end":{"line":26,"column":35}},"14":{"start":{"line":27,"column":16},"end":{"line":27,"column":55}},"15":{"start":{"line":28,"column":2},"end":{"line":38,"column":3}},"16":{"start":{"line":30,"column":4},"end":{"line":30,"column":41}},"17":{"start":{"line":31,"column":4},"end":{"line":31,"column":46}},"18":{"start":{"line":32,"column":4},"end":{"line":32,"column":16}},"19":{"start":{"line":35,"column":4},"end":{"line":35,"column":42}},"20":{"start":{"line":36,"column":4},"end":{"line":36,"column":48}},"21":{"start":{"line":37,"column":4},"end":{"line":37,"column":16}},"22":{"start":{"line":40,"column":2},"end":{"line":40,"column":61}}},"fnMap":{"0":{"name":"(anonymous_0)","decl":{"start":{"line":9,"column":17},"end":{"line":9,"column":18}},"loc":{"start":{"line":9,"column":37},"end":{"line":17,"column":1}},"line":9},"1":{"name":"(anonymous_1)","decl":{"start":{"line":20,"column":29},"end":{"line":20,"column":30}},"loc":{"start":{"line":20,"column":49},"end":{"line":41,"column":1}},"line":20}},"branchMap":{"0":{"loc":{"start":{"line":25,"column":2},"end":{"line":25,"column":78}},"type":"if","locations":[{"start":{"line":25,"column":2},"end":{"line":25,"column":78}},{"start":{},"end":{}}],"line":25},"1":{"loc":{"start":{"line":28,"column":2},"end":{"line":38,"column":3}},"type":"if","locations":[{"start":{"line":28,"column":2},"end":{"line":38,"column":3}},{"start":{"line":33,"column":9},"end":{"line":38,"column":3}}],"line":28}},"s":{"0":2,"1":2,"2":0,"3":0,"4":0,"5":0,"6":0,"7":2,"8":0,"9":0,"10":0,"11":0,"12":0,"13":0,"14":0,"15":0,"16":0,"17":0,"18":0,"19":0,"20":0,"21":0,"22":0},"f":{"0":0,"1":0},"b":{"0":[0,0],"1":[0,0]},"_coverageSchema":"1a1c01bbd47fc00a2c39e90264f33305004495a9","hash":"ee0e9b280541079b2381566a017e1e7dd555e76e"}
,"C:\\Users\\tdphu\\OneDrive\\Desktop\\BeaconFire\\Assignments\\Assignment 13\\Solutions\\Coding Q1\\routes\\auth.js": {"path":"C:\\Users\\tdphu\\OneDrive\\Desktop\\BeaconFire\\Assignments\\Assignment 13\\Solutions\\Coding Q1\\routes\\auth.js","statementMap":{"0":{"start":{"line":5,"column":15},"end":{"line":5,"column":31}},"1":{"start":{"line":8,"column":0},"end":{"line":16,"column":3}},"2":{"start":{"line":9,"column":15},"end":{"line":9,"column":60}},"3":{"start":{"line":10,"column":2},"end":{"line":11,"column":74}},"4":{"start":{"line":11,"column":4},"end":{"line":11,"column":74}},"5":{"start":{"line":12,"column":24},"end":{"line":12,"column":78}},"6":{"start":{"line":13,"column":2},"end":{"line":14,"column":74}},"7":{"start":{"line":14,"column":4},"end":{"line":14,"column":74}},"8":{"start":{"line":15,"column":2},"end":{"line":15,"column":74}}},"fnMap":{"0":{"name":"(anonymous_0)","decl":{"start":{"line":8,"column":17},"end":{"line":8,"column":18}},"loc":{"start":{"line":8,"column":37},"end":{"line":16,"column":1}},"line":8}},"branchMap":{"0":{"loc":{"start":{"line":10,"column":2},"end":{"line":11,"column":74}},"type":"if","locations":[{"start":{"line":10,"column":2},"end":{"line":11,"column":74}},{"start":{},"end":{}}],"line":10},"1":{"loc":{"start":{"line":13,"column":2},"end":{"line":14,"column":74}},"type":"if","locations":[{"start":{"line":13,"column":2},"end":{"line":14,"column":74}},{"start":{},"end":{}}],"line":13}},"s":{"0":2,"1":2,"2":1,"3":1,"4":0,"5":1,"6":1,"7":0,"8":1},"f":{"0":1},"b":{"0":[0,1],"1":[0,1]},"_coverageSchema":"1a1c01bbd47fc00a2c39e90264f33305004495a9","hash":"ddce8f9b72cd8d353d3a30c3d3d4435c375c5f49"}
,"C:\\Users\\tdphu\\OneDrive\\Desktop\\BeaconFire\\Assignments\\Assignment 13\\Solutions\\Coding Q1\\routes\\register.js": {"path":"C:\\Users\\tdphu\\OneDrive\\Desktop\\BeaconFire\\Assignments\\Assignment 13\\Solutions\\Coding Q1\\routes\\register.js","statementMap":{"0":{"start":{"line":5,"column":15},"end":{"line":5,"column":31}},"1":{"start":{"line":8,"column":0},"end":{"line":28,"column":3}},"2":{"start":{"line":9,"column":2},"end":{"line":27,"column":3}},"3":{"start":{"line":10,"column":17},"end":{"line":10,"column":62}},"4":{"start":{"line":11,"column":4},"end":{"line":11,"column":78}},"5":{"start":{"line":11,"column":14},"end":{"line":11,"column":78}},"6":{"start":{"line":12,"column":17},"end":{"line":12,"column":63}},"7":{"start":{"line":13,"column":25},"end":{"line":13,"column":67}},"8":{"start":{"line":14,"column":18},"end":{"line":17,"column":13}},"9":{"start":{"line":19,"column":4},"end":{"line":19,"column":33}},"10":{"start":{"line":20,"column":4},"end":{"line":20,"column":28}},"11":{"start":{"line":22,"column":4},"end":{"line":24,"column":73}},"12":{"start":{"line":26,"column":4},"end":{"line":26,"column":30}}},"fnMap":{"0":{"name":"(anonymous_0)","decl":{"start":{"line":8,"column":17},"end":{"line":8,"column":18}},"loc":{"start":{"line":8,"column":37},"end":{"line":28,"column":1}},"line":8}},"branchMap":{"0":{"loc":{"start":{"line":11,"column":4},"end":{"line":11,"column":78}},"type":"if","locations":[{"start":{"line":11,"column":4},"end":{"line":11,"column":78}},{"start":{},"end":{}}],"line":11}},"s":{"0":2,"1":2,"2":2,"3":2,"4":2,"5":1,"6":1,"7":1,"8":1,"9":1,"10":1,"11":1,"12":0},"f":{"0":2},"b":{"0":[1,1]},"_coverageSchema":"1a1c01bbd47fc00a2c39e90264f33305004495a9","hash":"c2c711b4ae625f5c16da43510c76e7c85675b9f3"}
,"C:\\Users\\tdphu\\OneDrive\\Desktop\\BeaconFire\\Assignments\\Assignment 13\\Solutions\\Coding Q1\\routes\\songs.js": {"path":"C:\\Users\\tdphu\\OneDrive\\Desktop\\BeaconFire\\Assignments\\Assignment 13\\Solutions\\Coding Q1\\routes\\songs.js","statementMap":{"0":{"start":{"line":5,"column":15},"end":{"line":5,"column":31}},"1":{"start":{"line":8,"column":0},"end":{"line":17,"column":3}},"2":{"start":{"line":9,"column":2},"end":{"line":16,"column":3}},"3":{"start":{"line":10,"column":17},"end":{"line":10,"column":44}},"4":{"start":{"line":11,"column":4},"end":{"line":13,"column":70}},"5":{"start":{"line":15,"column":4},"end":{"line":15,"column":30}},"6":{"start":{"line":20,"column":0},"end":{"line":41,"column":3}},"7":{"start":{"line":21,"column":15},"end":{"line":21,"column":49}},"8":{"start":{"line":22,"column":20},"end":{"line":22,"column":22}},"9":{"start":{"line":23,"column":2},"end":{"line":23,"column":76}},"10":{"start":{"line":23,"column":13},"end":{"line":23,"column":76}},"11":{"start":{"line":24,"column":15},"end":{"line":24,"column":35}},"12":{"start":{"line":26,"column":16},"end":{"line":26,"column":49}},"13":{"start":{"line":28,"column":2},"end":{"line":38,"column":3}},"14":{"start":{"line":30,"column":4},"end":{"line":30,"column":35}},"15":{"start":{"line":31,"column":4},"end":{"line":31,"column":53}},"16":{"start":{"line":32,"column":4},"end":{"line":32,"column":16}},"17":{"start":{"line":35,"column":4},"end":{"line":35,"column":37}},"18":{"start":{"line":36,"column":4},"end":{"line":36,"column":57}},"19":{"start":{"line":37,"column":4},"end":{"line":37,"column":16}},"20":{"start":{"line":40,"column":2},"end":{"line":40,"column":61}},"21":{"start":{"line":44,"column":0},"end":{"line":58,"column":3}},"22":{"start":{"line":45,"column":15},"end":{"line":45,"column":35}},"23":{"start":{"line":46,"column":16},"end":{"line":46,"column":57}},"24":{"start":{"line":47,"column":24},"end":{"line":47,"column":42}},"25":{"start":{"line":49,"column":2},"end":{"line":57,"column":3}},"26":{"start":{"line":50,"column":26},"end":{"line":52,"column":6}},"27":{"start":{"line":53,"column":19},"end":{"line":53,"column":36}},"28":{"start":{"line":54,"column":4},"end":{"line":54,"column":43}},"29":{"start":{"line":56,"column":4},"end":{"line":56,"column":42}},"30":{"start":{"line":61,"column":0},"end":{"line":73,"column":3}},"31":{"start":{"line":62,"column":24},"end":{"line":62,"column":43}},"32":{"start":{"line":63,"column":2},"end":{"line":72,"column":3}},"33":{"start":{"line":64,"column":13},"end":{"line":64,"column":43}},"34":{"start":{"line":65,"column":26},"end":{"line":67,"column":6}},"35":{"start":{"line":68,"column":19},"end":{"line":68,"column":36}},"36":{"start":{"line":69,"column":4},"end":{"line":69,"column":43}},"37":{"start":{"line":71,"column":4},"end":{"line":71,"column":29}}},"fnMap":{"0":{"name":"(anonymous_0)","decl":{"start":{"line":8,"column":17},"end":{"line":8,"column":18}},"loc":{"start":{"line":8,"column":37},"end":{"line":17,"column":1}},"line":8},"1":{"name":"(anonymous_1)","decl":{"start":{"line":20,"column":20},"end":{"line":20,"column":21}},"loc":{"start":{"line":20,"column":40},"end":{"line":41,"column":1}},"line":20},"2":{"name":"(anonymous_2)","decl":{"start":{"line":44,"column":16},"end":{"line":44,"column":17}},"loc":{"start":{"line":44,"column":36},"end":{"line":58,"column":1}},"line":44},"3":{"name":"(anonymous_3)","decl":{"start":{"line":61,"column":25},"end":{"line":61,"column":26}},"loc":{"start":{"line":61,"column":45},"end":{"line":73,"column":1}},"line":61}},"branchMap":{"0":{"loc":{"start":{"line":23,"column":2},"end":{"line":23,"column":76}},"type":"if","locations":[{"start":{"line":23,"column":2},"end":{"line":23,"column":76}},{"start":{},"end":{}}],"line":23},"1":{"loc":{"start":{"line":28,"column":2},"end":{"line":38,"column":3}},"type":"if","locations":[{"start":{"line":28,"column":2},"end":{"line":38,"column":3}},{"start":{"line":33,"column":9},"end":{"line":38,"column":3}}],"line":28},"2":{"loc":{"start":{"line":49,"column":2},"end":{"line":57,"column":3}},"type":"if","locations":[{"start":{"line":49,"column":2},"end":{"line":57,"column":3}},{"start":{"line":55,"column":9},"end":{"line":57,"column":3}}],"line":49},"3":{"loc":{"start":{"line":63,"column":2},"end":{"line":72,"column":3}},"type":"if","locations":[{"start":{"line":63,"column":2},"end":{"line":72,"column":3}},{"start":{"line":70,"column":9},"end":{"line":72,"column":3}}],"line":63}},"s":{"0":2,"1":2,"2":1,"3":1,"4":1,"5":0,"6":2,"7":1,"8":1,"9":1,"10":0,"11":1,"12":1,"13":1,"14":1,"15":1,"16":1,"17":0,"18":0,"19":0,"20":1,"21":2,"22":2,"23":2,"24":2,"25":2,"26":1,"27":1,"28":1,"29":1,"30":2,"31":1,"32":1,"33":1,"34":1,"35":1,"36":1,"37":0},"f":{"0":1,"1":1,"2":2,"3":1},"b":{"0":[0,1],"1":[1,0],"2":[1,1],"3":[1,0]},"_coverageSchema":"1a1c01bbd47fc00a2c39e90264f33305004495a9","hash":"a70bd5b561d1ce9a4df6b18562f50fd7408920c3"}
,"C:\\Users\\tdphu\\OneDrive\\Desktop\\BeaconFire\\Assignments\\Assignment 13\\Solutions\\Coding Q1\\routes\\users.js": {"path":"C:\\Users\\tdphu\\OneDrive\\Desktop\\BeaconFire\\Assignments\\Assignment 13\\Solutions\\Coding Q1\\routes\\users.js","statementMap":{"0":{"start":{"line":5,"column":15},"end":{"line":5,"column":31}},"1":{"start":{"line":8,"column":0},"end":{"line":15,"column":3}},"2":{"start":{"line":9,"column":2},"end":{"line":14,"column":3}},"3":{"start":{"line":10,"column":18},"end":{"line":10,"column":35}},"4":{"start":{"line":11,"column":4},"end":{"line":11,"column":32}},"5":{"start":{"line":13,"column":4},"end":{"line":13,"column":30}},"6":{"start":{"line":19,"column":0},"end":{"line":34,"column":3}},"7":{"start":{"line":20,"column":2},"end":{"line":33,"column":3}},"8":{"start":{"line":21,"column":17},"end":{"line":21,"column":63}},"9":{"start":{"line":22,"column":25},"end":{"line":22,"column":67}},"10":{"start":{"line":23,"column":24},"end":{"line":27,"column":5}},"11":{"start":{"line":28,"column":4},"end":{"line":30,"column":69}},"12":{"start":{"line":32,"column":4},"end":{"line":32,"column":30}}},"fnMap":{"0":{"name":"(anonymous_0)","decl":{"start":{"line":8,"column":16},"end":{"line":8,"column":17}},"loc":{"start":{"line":8,"column":36},"end":{"line":15,"column":1}},"line":8},"1":{"name":"(anonymous_1)","decl":{"start":{"line":19,"column":20},"end":{"line":19,"column":21}},"loc":{"start":{"line":19,"column":40},"end":{"line":34,"column":1}},"line":19}},"branchMap":{},"s":{"0":2,"1":2,"2":0,"3":0,"4":0,"5":0,"6":2,"7":1,"8":1,"9":1,"10":1,"11":1,"12":0},"f":{"0":0,"1":1},"b":{},"_coverageSchema":"1a1c01bbd47fc00a2c39e90264f33305004495a9","hash":"ba2924ea07c3472c6a46f9c44de77edde0d98c3f"}
,"C:\\Users\\tdphu\\OneDrive\\Desktop\\BeaconFire\\Assignments\\Assignment 13\\Solutions\\Coding Q1\\utils\\mongooseCon.js": {"path":"C:\\Users\\tdphu\\OneDrive\\Desktop\\BeaconFire\\Assignments\\Assignment 13\\Solutions\\Coding Q1\\utils\\mongooseCon.js","statementMap":{"0":{"start":{"line":3,"column":0},"end":{"line":3,"column":16}},"1":{"start":{"line":6,"column":16},"end":{"line":13,"column":1}},"2":{"start":{"line":7,"column":2},"end":{"line":12,"column":3}},"3":{"start":{"line":8,"column":4},"end":{"line":8,"column":46}},"4":{"start":{"line":9,"column":4},"end":{"line":9,"column":40}},"5":{"start":{"line":11,"column":4},"end":{"line":11,"column":16}}},"fnMap":{"0":{"name":"(anonymous_0)","decl":{"start":{"line":6,"column":16},"end":{"line":6,"column":17}},"loc":{"start":{"line":6,"column":28},"end":{"line":13,"column":1}},"line":6}},"branchMap":{},"s":{"0":2,"1":2,"2":2,"3":2,"4":2,"5":0},"f":{"0":2},"b":{},"_coverageSchema":"1a1c01bbd47fc00a2c39e90264f33305004495a9","hash":"9270466911b6106364848443e9151d88bb9bfd3a"}
,"C:\\Users\\tdphu\\OneDrive\\Desktop\\BeaconFire\\Assignments\\Assignment 13\\Solutions\\Coding Q1\\utils\\server.js": {"path":"C:\\Users\\tdphu\\OneDrive\\Desktop\\BeaconFire\\Assignments\\Assignment 13\\Solutions\\Coding Q1\\utils\\server.js","statementMap":{"0":{"start":{"line":10,"column":14},"end":{"line":10,"column":23}},"1":{"start":{"line":12,"column":2},"end":{"line":12,"column":18}},"2":{"start":{"line":13,"column":2},"end":{"line":13,"column":26}},"3":{"start":{"line":14,"column":2},"end":{"line":14,"column":38}},"4":{"start":{"line":15,"column":2},"end":{"line":15,"column":31}},"5":{"start":{"line":16,"column":2},"end":{"line":16,"column":31}},"6":{"start":{"line":17,"column":2},"end":{"line":17,"column":32}},"7":{"start":{"line":18,"column":2},"end":{"line":18,"column":35}},"8":{"start":{"line":20,"column":2},"end":{"line":20,"column":13}}},"fnMap":{"0":{"name":"createServer","decl":{"start":{"line":9,"column":9},"end":{"line":9,"column":21}},"loc":{"start":{"line":9,"column":24},"end":{"line":21,"column":1}},"line":9}},"branchMap":{},"s":{"0":2,"1":2,"2":2,"3":2,"4":2,"5":2,"6":2,"7":2,"8":2},"f":{"0":2},"b":{},"_coverageSchema":"1a1c01bbd47fc00a2c39e90264f33305004495a9","hash":"da3f677b68f9b8af39f26b3ca3765f71b8058a95"}
}
